e:\project\develop\opencars\opencars\x64\debug\vc141.pdb
e:\project\develop\opencars\opencars\x64\debug\vc141.idb
e:\project\develop\opencars\opencars\x64\debug\quadsprite.obj
e:\project\develop\opencars\opencars\x64\debug\gameobject.obj
e:\project\develop\opencars\opencars\x64\debug\directx11engine.obj
e:\project\develop\opencars\opencars\x64\debug\main.obj
e:\project\develop\opencars\opencars\x64\debug\camera.obj
e:\project\develop\opencars\opencars\x64\debug\box.obj
e:\project\develop\opencars\opencars\x64\debug\mycallbackclass.obj
e:\project\develop\opencars\x64\debug\simplepixelshader.cso
e:\project\develop\opencars\x64\debug\simplevertexshader.cso
e:\project\develop\opencars\x64\debug\opencars.exe
e:\project\develop\opencars\x64\debug\opencars.ilk
e:\project\develop\opencars\x64\debug\opencars.pdb
e:\project\develop\opencars\opencars\x64\debug\opencars.res
e:\project\develop\opencars\opencars\x64\debug\opencars.tlog\cl.command.1.tlog
e:\project\develop\opencars\opencars\x64\debug\opencars.tlog\cl.read.1.tlog
e:\project\develop\opencars\opencars\x64\debug\opencars.tlog\cl.write.1.tlog
e:\project\develop\opencars\opencars\x64\debug\opencars.tlog\fxc.command.1.tlog
e:\project\develop\opencars\opencars\x64\debug\opencars.tlog\fxc.read.1.tlog
e:\project\develop\opencars\opencars\x64\debug\opencars.tlog\fxc.write.1.tlog
e:\project\develop\opencars\opencars\x64\debug\opencars.tlog\link.command.1.tlog
e:\project\develop\opencars\opencars\x64\debug\opencars.tlog\link.read.1.tlog
e:\project\develop\opencars\opencars\x64\debug\opencars.tlog\link.write.1.tlog
e:\project\develop\opencars\opencars\x64\debug\opencars.tlog\rc.command.1.tlog
e:\project\develop\opencars\opencars\x64\debug\opencars.tlog\rc.read.1.tlog
e:\project\develop\opencars\opencars\x64\debug\opencars.tlog\rc.write.1.tlog
